<?xml version="1.0" encoding="UTF-8"?>
<testng-results skipped="0" failed="0" ignored="0" total="3" passed="3">
  <reporter-output>
  </reporter-output>
  <suite name="Default suite" duration-ms="10440" started-at="2021-02-11T14:03:55 IST" finished-at="2021-02-11T14:04:06 IST">
    <groups>
    </groups>
    <test name="Default test" duration-ms="10440" started-at="2021-02-11T14:03:55 IST" finished-at="2021-02-11T14:04:06 IST">
      <class name="NewTest1">
        <test-method status="PASS" signature="simple_get_test()[pri:0, instance:NewTest1@614ddd49]" name="simple_get_test" duration-ms="8019" started-at="2021-02-11T14:03:55 IST" finished-at="2021-02-11T14:04:03 IST">
          <reporter-output>
          </reporter-output>
        </test-method> <!-- simple_get_test -->
        <test-method status="PASS" signature="validate_json()[pri:0, instance:NewTest1@614ddd49]" name="validate_json" duration-ms="2082" started-at="2021-02-11T14:04:03 IST" finished-at="2021-02-11T14:04:06 IST">
          <reporter-output>
          </reporter-output>
        </test-method> <!-- validate_json -->
        <test-method status="PASS" signature="validate_xml()[pri:0, instance:NewTest1@614ddd49]" name="validate_xml" duration-ms="307" started-at="2021-02-11T14:04:06 IST" finished-at="2021-02-11T14:04:06 IST">
          <reporter-output>
          </reporter-output>
        </test-method> <!-- validate_xml -->
      </class> <!-- NewTest1 -->
    </test> <!-- Default test -->
  </suite> <!-- Default suite -->
</testng-results>
