<?xml version="1.0" encoding="UTF-8"?>
<!-- Generated by org.testng.reporters.JUnitXMLReporter -->
<testsuite hostname="DESKTOP-HLR597N" ignored="0" tests="4" failures="0" timestamp="2021-02-11T14:12:43 IST" time="5.825" errors="0">
  <testcase name="extract_response_data" time="1.569" classname="NewTest1"/>
  <testcase name="simple_get_test" time="1.747" classname="NewTest1"/>
  <testcase name="validate_json" time="2.114" classname="NewTest1"/>
  <testcase name="validate_xml" time="0.364" classname="NewTest1"/>
</testsuite>
